<?xml version="1.0" encoding="UTF-8"?>
<!-- Generated by org.testng.reporters.JUnitReportReporter -->
<testsuite hostname="satish" failures="0" tests="3" name="com.agile.crm.testcases.OrangeHrm" time="16.620" errors="0" timestamp="2024-12-30T13:46:09 IST" skipped="0">
  <testcase classname="com.agile.crm.testcases.OrangeHrm" name="validBrowserPage" time="11.530"/>
  <testcase classname="com.agile.crm.testcases.OrangeHrm" name="ValidLoginpage" time="2.043"/>
  <testcase classname="com.agile.crm.testcases.OrangeHrm" name="Admintest" time="3.047"/>
</testsuite> <!-- com.agile.crm.testcases.OrangeHrm -->
