<?xml version="1.0" encoding="UTF-8"?>
<!-- Generated by org.testng.reporters.JUnitReportReporter -->
<testsuite hostname="satish" failures="0" tests="1" name="com.agile.crm.testcases.VerifyCrm" time="65.985" errors="0" timestamp="2024-12-27T10:38:53 IST" skipped="0">
  <testcase classname="com.agile.crm.testcases.VerifyCrm" name="validLoginPage" time="65.985"/>
</testsuite> <!-- com.agile.crm.testcases.VerifyCrm -->
